Success (16):
datatype 2960 {urn:com:appian:types:TMS}TMS_States_Codes "{urn:com:appian:types:TMS}TMS_States_Codes"
dataStore 6396 _a-0000e21d-e06a-8000-7d53-01ef9001ef90_32860 "TM_DS"
content 6377 _a-0000e21d-e06a-8000-7d53-01ef9001ef90_32205 "Folder TMS Rules and constants"
content 6378 _a-0000e21d-e06a-8000-7d53-01ef9001ef90_32210 "TMS_DS_STATE"
content 6379 _a-0000e21d-e06a-8000-7d53-01ef9001ef90_32216 "TMS_qeGetStateDetails"
content 6551 _a-0000e21d-e06a-8000-7d53-01ef9001ef90_32222 "TMS_uiSectionStateGrid"
content 8202 _a-0000e21d-e06a-8000-7d53-01ef9001ef90_32304 "TMS_Test"
content 7330 _a-0000e21d-e06a-8000-7d53-01ef9001ef90_32412 "TMS_TestRule"
content 6383 _a-0000e21d-e06a-8000-7d53-01ef9001ef90_32620 "TMS_Test_Two"
content 7338 _a-0000e21d-e06a-8000-7d53-01ef9001ef90_43993 "TMS_getTravelInfo"
content 8471 _a-0000e21d-e06a-8000-7d53-01ef9001ef90_55454 "TMS_newConstant"
processModelFolder 13 _g-0000e21d-e06a-8000-7d4f-014d98014d98_16 "Folder TMS PM"
processModel 463 0002e22b-0439-8000-7d4f-014d98014d98 "TMS State PM"
processModel 583 0002e235-dc96-8000-7d4f-014d98014d98 "test1"
application 6384 _a-0000e21d-e06a-8000-7d53-01ef9001ef90_32066 "TMS Application"
site 10 3e063723-fc4a-47c0-ac90-75933c7e43ec "TMS_Site"

Trace:
2019-03-08 05:00:04.823 DEBUG application 6384 _a-0000e21d-e06a-8000-7d53-01ef9001ef90_32066 Begin transport.
2019-03-08 05:00:04.823 DEBUG application 6384 _a-0000e21d-e06a-8000-7d53-01ef9001ef90_32066 Retrieving object data.
2019-03-08 05:00:04.829 DEBUG application 6384 _a-0000e21d-e06a-8000-7d53-01ef9001ef90_32066 App associated objects: [datatype=[{urn:com:appian:types:TMS}TMS_States_Codes],dataStore=[_a-0000e21d-e06a-8000-7d53-01ef9001ef90_32860],content=[_a-0000e21d-e06a-8000-7d53-01ef9001ef90_32205, _a-0000e21d-e06a-8000-7d53-01ef9001ef90_32210, _a-0000e21d-e06a-8000-7d53-01ef9001ef90_32216, _a-0000e21d-e06a-8000-7d53-01ef9001ef90_32222, _a-0000e21d-e06a-8000-7d53-01ef9001ef90_32304, _a-0000e21d-e06a-8000-7d53-01ef9001ef90_32412, _a-0000e21d-e06a-8000-7d53-01ef9001ef90_32620, _a-0000e21d-e06a-8000-7d53-01ef9001ef90_43993, _a-0000e21d-e06a-8000-7d53-01ef9001ef90_55454],processModelFolder=[_g-0000e21d-e06a-8000-7d4f-014d98014d98_16],processModel=[0002e22b-0439-8000-7d4f-014d98014d98, 0002e235-dc96-8000-7d4f-014d98014d98],site=[3e063723-fc4a-47c0-ac90-75933c7e43ec]]
2019-03-08 05:00:04.837 DEBUG application 6384 _a-0000e21d-e06a-8000-7d53-01ef9001ef90_32066 Invalid associated objects: []
2019-03-08 05:00:04.837 DEBUG application 6384 _a-0000e21d-e06a-8000-7d53-01ef9001ef90_32066 Adding valid associated objects to be exported: GlobalBindingMap[datatype={{urn:com:appian:types:TMS}TMS_States_Codes=2960},dataStore={_a-0000e21d-e06a-8000-7d53-01ef9001ef90_32860=6396},content={_a-0000e21d-e06a-8000-7d53-01ef9001ef90_32205=6377, _a-0000e21d-e06a-8000-7d53-01ef9001ef90_32210=6378, _a-0000e21d-e06a-8000-7d53-01ef9001ef90_32216=6379, _a-0000e21d-e06a-8000-7d53-01ef9001ef90_32222=6551, _a-0000e21d-e06a-8000-7d53-01ef9001ef90_32304=8202, _a-0000e21d-e06a-8000-7d53-01ef9001ef90_32412=7330, _a-0000e21d-e06a-8000-7d53-01ef9001ef90_32620=6383, _a-0000e21d-e06a-8000-7d53-01ef9001ef90_43993=7338, _a-0000e21d-e06a-8000-7d53-01ef9001ef90_55454=8471},processModelFolder={_g-0000e21d-e06a-8000-7d4f-014d98014d98_16=13},processModel={0002e22b-0439-8000-7d4f-014d98014d98=463, 0002e235-dc96-8000-7d4f-014d98014d98=583},site={3e063723-fc4a-47c0-ac90-75933c7e43ec=10}]
2019-03-08 05:00:04.838 DEBUG application 6384 _a-0000e21d-e06a-8000-7d53-01ef9001ef90_32066 Setting uuids of object references.
2019-03-08 05:00:04.838 DEBUG application 6384 _a-0000e21d-e06a-8000-7d53-01ef9001ef90_32066 Processing reference: Application.forum
2019-03-08 05:00:04.838 DEBUG application 6384 _a-0000e21d-e06a-8000-7d53-01ef9001ef90_32066 Processing reference: Application.parent
2019-03-08 05:00:04.843 DEBUG application 6384 _a-0000e21d-e06a-8000-7d53-01ef9001ef90_32066 Processing reference: com.appiancorp.suiteapi.content.ContentRoleMap@2a30bb13[
  ContentRole[name=readers,inherit=false,allowForAll=false]
  ContentRole[name=authors,inherit=false,allowForAll=false]
  ContentRole[name=administrators,inherit=false,allowForAll=false]
  ContentRole[name=denyReaders,inherit=false,allowForAll=false]
  ContentRole[name=denyAuthors,inherit=false,allowForAll=false]
  ContentRole[name=denyAdministrators,inherit=false,allowForAll=false]
  securityVector=1:SEC_PUBLIC=true,SEC_CREATOR_ADMIN=false,SEC_INH_ADMIN=false,SEC_INH_EDITOR=false,SEC_INH_VIEWER=false,SEC_ALL_ADMIN=false,SEC_ALL_EDITOR=false,SEC_ALL_VIEWER=false
]
2019-03-08 05:00:04.843 DEBUG application 6384 _a-0000e21d-e06a-8000-7d53-01ef9001ef90_32066 Processing reference: ContentRole[name=readers,inherit=false,allowForAll=false]
2019-03-08 05:00:04.843 DEBUG application 6384 _a-0000e21d-e06a-8000-7d53-01ef9001ef90_32066 Processing reference: ContentRole[name=authors,inherit=false,allowForAll=false]
2019-03-08 05:00:04.843 DEBUG application 6384 _a-0000e21d-e06a-8000-7d53-01ef9001ef90_32066 Processing reference: ContentRole[name=administrators,inherit=false,allowForAll=false]
2019-03-08 05:00:04.843 DEBUG application 6384 _a-0000e21d-e06a-8000-7d53-01ef9001ef90_32066 Processing reference: ContentRole[name=denyReaders,inherit=false,allowForAll=false]
2019-03-08 05:00:04.843 DEBUG application 6384 _a-0000e21d-e06a-8000-7d53-01ef9001ef90_32066 Processing reference: ContentRole[name=denyAuthors,inherit=false,allowForAll=false]
2019-03-08 05:00:04.843 DEBUG application 6384 _a-0000e21d-e06a-8000-7d53-01ef9001ef90_32066 Processing reference: ContentRole[name=denyAdministrators,inherit=false,allowForAll=false]
2019-03-08 05:00:04.843 DEBUG datatype 2960 {urn:com:appian:types:TMS}TMS_States_Codes Begin transport.
2019-03-08 05:00:04.843 DEBUG datatype 2960 {urn:com:appian:types:TMS}TMS_States_Codes Retrieving object data.
2019-03-08 05:00:04.92 DEBUG datatype 2960 {urn:com:appian:types:TMS}TMS_States_Codes Setting uuids of object references.
2019-03-08 05:00:04.936 DEBUG datatype 2960 {urn:com:appian:types:TMS}TMS_States_Codes Completing produce.
2019-03-08 05:00:04.936 DEBUG datatype 2960 {urn:com:appian:types:TMS}TMS_States_Codes Exporting binary resources.
2019-03-08 05:00:04.936 DEBUG datatype 2960 {urn:com:appian:types:TMS}TMS_States_Codes Serializing object to XML.
2019-03-08 05:00:04.937 DEBUG datatype 2960 {urn:com:appian:types:TMS}TMS_States_Codes Object transported.
2019-03-08 05:00:04.94 DEBUG dataStore 6396 _a-0000e21d-e06a-8000-7d53-01ef9001ef90_32860 Begin transport.
2019-03-08 05:00:04.94 DEBUG dataStore 6396 _a-0000e21d-e06a-8000-7d53-01ef9001ef90_32860 Retrieving object data.
2019-03-08 05:00:04.946 DEBUG dataStore 6396 _a-0000e21d-e06a-8000-7d53-01ef9001ef90_32860 Setting uuids of object references.
2019-03-08 05:00:04.946 DEBUG dataStore 6396 _a-0000e21d-e06a-8000-7d53-01ef9001ef90_32860 Processing reference: datatypeRef[id=2960]
2019-03-08 05:00:04.946 DEBUG dataStore 6396 _a-0000e21d-e06a-8000-7d53-01ef9001ef90_32860 Processing reference: ContentRole[name=administrators,inherit=false,allowForAll=false]
2019-03-08 05:00:04.946 DEBUG dataStore 6396 _a-0000e21d-e06a-8000-7d53-01ef9001ef90_32860 Processing reference: ContentRole[name=authors,inherit=false,allowForAll=false]
2019-03-08 05:00:04.946 DEBUG dataStore 6396 _a-0000e21d-e06a-8000-7d53-01ef9001ef90_32860 Processing reference: ContentRole[name=denyAdministrators,inherit=false,allowForAll=false]
2019-03-08 05:00:04.946 DEBUG dataStore 6396 _a-0000e21d-e06a-8000-7d53-01ef9001ef90_32860 Processing reference: ContentRole[name=denyAuthors,inherit=false,allowForAll=false]
2019-03-08 05:00:04.946 DEBUG dataStore 6396 _a-0000e21d-e06a-8000-7d53-01ef9001ef90_32860 Processing reference: ContentRole[name=denyReaders,inherit=false,allowForAll=false]
2019-03-08 05:00:04.946 DEBUG dataStore 6396 _a-0000e21d-e06a-8000-7d53-01ef9001ef90_32860 Processing reference: ContentRole[name=readers,inherit=false,allowForAll=false]
2019-03-08 05:00:04.946 DEBUG dataStore 6396 _a-0000e21d-e06a-8000-7d53-01ef9001ef90_32860 Completing produce.
2019-03-08 05:00:04.946 DEBUG dataStore 6396 _a-0000e21d-e06a-8000-7d53-01ef9001ef90_32860 Exporting binary resources.
2019-03-08 05:00:04.946 DEBUG dataStore 6396 _a-0000e21d-e06a-8000-7d53-01ef9001ef90_32860 Serializing object to XML.
2019-03-08 05:00:04.953 DEBUG dataStore 6396 _a-0000e21d-e06a-8000-7d53-01ef9001ef90_32860 Object transported.
2019-03-08 05:00:04.956 DEBUG content 6377 _a-0000e21d-e06a-8000-7d53-01ef9001ef90_32205 Begin transport.
2019-03-08 05:00:04.956 DEBUG content 6377 _a-0000e21d-e06a-8000-7d53-01ef9001ef90_32205 Retrieving object data.
2019-03-08 05:00:04.964 DEBUG content 6377 _a-0000e21d-e06a-8000-7d53-01ef9001ef90_32205 Setting uuids of object references.
2019-03-08 05:00:04.964 DEBUG content 6377 _a-0000e21d-e06a-8000-7d53-01ef9001ef90_32205 Processing reference: RulesFolder.forum
2019-03-08 05:00:04.964 DEBUG content 6377 _a-0000e21d-e06a-8000-7d53-01ef9001ef90_32205 Processing reference: RulesFolder.parent
2019-03-08 05:00:04.968 DEBUG content 6377 _a-0000e21d-e06a-8000-7d53-01ef9001ef90_32205 Processing reference: com.appiancorp.suiteapi.content.ContentRoleMap@5e2ddc88[
  ContentRole[name=readers,inherit=false,allowForAll=false]
  ContentRole[name=authors,inherit=false,allowForAll=false]
  ContentRole[name=administrators,inherit=false,allowForAll=false]
  ContentRole[name=denyReaders,inherit=false,allowForAll=false]
  ContentRole[name=denyAuthors,inherit=false,allowForAll=false]
  ContentRole[name=denyAdministrators,inherit=false,allowForAll=false]
  securityVector=1:SEC_PUBLIC=true,SEC_CREATOR_ADMIN=false,SEC_INH_ADMIN=false,SEC_INH_EDITOR=false,SEC_INH_VIEWER=false,SEC_ALL_ADMIN=false,SEC_ALL_EDITOR=false,SEC_ALL_VIEWER=false
]
2019-03-08 05:00:04.968 DEBUG content 6377 _a-0000e21d-e06a-8000-7d53-01ef9001ef90_32205 Processing reference: ContentRole[name=readers,inherit=false,allowForAll=false]
2019-03-08 05:00:04.968 DEBUG content 6377 _a-0000e21d-e06a-8000-7d53-01ef9001ef90_32205 Processing reference: ContentRole[name=authors,inherit=false,allowForAll=false]
2019-03-08 05:00:04.968 DEBUG content 6377 _a-0000e21d-e06a-8000-7d53-01ef9001ef90_32205 Processing reference: ContentRole[name=administrators,inherit=false,allowForAll=false]
2019-03-08 05:00:04.968 DEBUG content 6377 _a-0000e21d-e06a-8000-7d53-01ef9001ef90_32205 Processing reference: ContentRole[name=denyReaders,inherit=false,allowForAll=false]
2019-03-08 05:00:04.968 DEBUG content 6377 _a-0000e21d-e06a-8000-7d53-01ef9001ef90_32205 Processing reference: ContentRole[name=denyAuthors,inherit=false,allowForAll=false]
2019-03-08 05:00:04.968 DEBUG content 6377 _a-0000e21d-e06a-8000-7d53-01ef9001ef90_32205 Processing reference: ContentRole[name=denyAdministrators,inherit=false,allowForAll=false]
2019-03-08 05:00:04.968 DEBUG content 6377 _a-0000e21d-e06a-8000-7d53-01ef9001ef90_32205 Completing produce.
2019-03-08 05:00:04.968 DEBUG content 6377 _a-0000e21d-e06a-8000-7d53-01ef9001ef90_32205 Exporting binary resources.
2019-03-08 05:00:04.968 DEBUG content 6377 _a-0000e21d-e06a-8000-7d53-01ef9001ef90_32205 Serializing object to XML.
2019-03-08 05:00:04.968 DEBUG content 6377 _a-0000e21d-e06a-8000-7d53-01ef9001ef90_32205 Object transported.
2019-03-08 05:00:04.968 DEBUG content 6378 _a-0000e21d-e06a-8000-7d53-01ef9001ef90_32210 Begin transport.
2019-03-08 05:00:04.968 DEBUG content 6378 _a-0000e21d-e06a-8000-7d53-01ef9001ef90_32210 Retrieving object data.
2019-03-08 05:00:04.978 DEBUG content 6378 _a-0000e21d-e06a-8000-7d53-01ef9001ef90_32210 Setting uuids of object references.
2019-03-08 05:00:04.978 DEBUG content 6378 _a-0000e21d-e06a-8000-7d53-01ef9001ef90_32210 Processing reference: [Content:id=6378,versionId=-1,name=TMS_DS_STATE,type=32,subtype=0,uuid=_a-0000e21d-e06a-8000-7d53-01ef9001ef90_32210,parent=6377]
2019-03-08 05:00:04.981 DEBUG content 6378 _a-0000e21d-e06a-8000-7d53-01ef9001ef90_32210 Processing reference: Constant.forum
2019-03-08 05:00:04.982 DEBUG content 6378 _a-0000e21d-e06a-8000-7d53-01ef9001ef90_32210 Processing reference: Constant.parent
2019-03-08 05:00:04.985 DEBUG content 6378 _a-0000e21d-e06a-8000-7d53-01ef9001ef90_32210 Processing reference: com.appiancorp.suiteapi.content.ContentRoleMap@2c863c67[
  ContentRole[name=readers,inherit=true,allowForAll=false]
  ContentRole[name=authors,inherit=true,allowForAll=false]
  ContentRole[name=administrators,inherit=true,allowForAll=false]
  ContentRole[name=denyReaders,inherit=false,allowForAll=false]
  ContentRole[name=denyAuthors,inherit=false,allowForAll=false]
  ContentRole[name=denyAdministrators,inherit=false,allowForAll=false]
  securityVector=15:SEC_PUBLIC=true,SEC_CREATOR_ADMIN=false,SEC_INH_ADMIN=true,SEC_INH_EDITOR=true,SEC_INH_VIEWER=true,SEC_ALL_ADMIN=false,SEC_ALL_EDITOR=false,SEC_ALL_VIEWER=false
]
2019-03-08 05:00:04.985 DEBUG content 6378 _a-0000e21d-e06a-8000-7d53-01ef9001ef90_32210 Processing reference: ContentRole[name=readers,inherit=true,allowForAll=false]
2019-03-08 05:00:04.985 DEBUG content 6378 _a-0000e21d-e06a-8000-7d53-01ef9001ef90_32210 Processing reference: ContentRole[name=authors,inherit=true,allowForAll=false]
2019-03-08 05:00:04.985 DEBUG content 6378 _a-0000e21d-e06a-8000-7d53-01ef9001ef90_32210 Processing reference: ContentRole[name=administrators,inherit=true,allowForAll=false]
2019-03-08 05:00:04.985 DEBUG content 6378 _a-0000e21d-e06a-8000-7d53-01ef9001ef90_32210 Processing reference: ContentRole[name=denyReaders,inherit=false,allowForAll=false]
2019-03-08 05:00:04.985 DEBUG content 6378 _a-0000e21d-e06a-8000-7d53-01ef9001ef90_32210 Processing reference: ContentRole[name=denyAuthors,inherit=false,allowForAll=false]
2019-03-08 05:00:04.985 DEBUG content 6378 _a-0000e21d-e06a-8000-7d53-01ef9001ef90_32210 Processing reference: ContentRole[name=denyAdministrators,inherit=false,allowForAll=false]
2019-03-08 05:00:04.985 DEBUG content 6378 _a-0000e21d-e06a-8000-7d53-01ef9001ef90_32210 Completing produce.
2019-03-08 05:00:04.985 DEBUG content 6378 _a-0000e21d-e06a-8000-7d53-01ef9001ef90_32210 Exporting binary resources.
2019-03-08 05:00:04.985 DEBUG content 6378 _a-0000e21d-e06a-8000-7d53-01ef9001ef90_32210 Serializing object to XML.
2019-03-08 05:00:04.987 DEBUG content 6378 _a-0000e21d-e06a-8000-7d53-01ef9001ef90_32210 Object transported.
2019-03-08 05:00:04.987 DEBUG content 6379 _a-0000e21d-e06a-8000-7d53-01ef9001ef90_32216 Begin transport.
2019-03-08 05:00:04.987 DEBUG content 6379 _a-0000e21d-e06a-8000-7d53-01ef9001ef90_32216 Retrieving object data.
2019-03-08 05:00:04.995 DEBUG content 6379 _a-0000e21d-e06a-8000-7d53-01ef9001ef90_32216 Setting uuids of object references.
2019-03-08 05:00:04.995 DEBUG content 6379 _a-0000e21d-e06a-8000-7d53-01ef9001ef90_32216 Processing reference: [Content:id=6379,versionId=-1,name=TMS_qeGetStateDetails,type=32,subtype=1,uuid=_a-0000e21d-e06a-8000-7d53-01ef9001ef90_32216,parent=6377]
2019-03-08 05:00:05.002 DEBUG content 6379 _a-0000e21d-e06a-8000-7d53-01ef9001ef90_32216 Processing reference: FreeformRule.forum
2019-03-08 05:00:05.002 DEBUG content 6379 _a-0000e21d-e06a-8000-7d53-01ef9001ef90_32216 Processing reference: FreeformRule.parent
2019-03-08 05:00:05.005 DEBUG content 6379 _a-0000e21d-e06a-8000-7d53-01ef9001ef90_32216 Processing reference: com.appiancorp.suiteapi.content.ContentRoleMap@1b7f7742[
  ContentRole[name=readers,inherit=true,allowForAll=false]
  ContentRole[name=authors,inherit=true,allowForAll=false]
  ContentRole[name=administrators,inherit=true,allowForAll=false]
  ContentRole[name=denyReaders,inherit=false,allowForAll=false]
  ContentRole[name=denyAuthors,inherit=false,allowForAll=false]
  ContentRole[name=denyAdministrators,inherit=false,allowForAll=false]
  securityVector=15:SEC_PUBLIC=true,SEC_CREATOR_ADMIN=false,SEC_INH_ADMIN=true,SEC_INH_EDITOR=true,SEC_INH_VIEWER=true,SEC_ALL_ADMIN=false,SEC_ALL_EDITOR=false,SEC_ALL_VIEWER=false
]
2019-03-08 05:00:05.005 DEBUG content 6379 _a-0000e21d-e06a-8000-7d53-01ef9001ef90_32216 Processing reference: ContentRole[name=readers,inherit=true,allowForAll=false]
2019-03-08 05:00:05.005 DEBUG content 6379 _a-0000e21d-e06a-8000-7d53-01ef9001ef90_32216 Processing reference: ContentRole[name=authors,inherit=true,allowForAll=false]
2019-03-08 05:00:05.005 DEBUG content 6379 _a-0000e21d-e06a-8000-7d53-01ef9001ef90_32216 Processing reference: ContentRole[name=administrators,inherit=true,allowForAll=false]
2019-03-08 05:00:05.005 DEBUG content 6379 _a-0000e21d-e06a-8000-7d53-01ef9001ef90_32216 Processing reference: ContentRole[name=denyReaders,inherit=false,allowForAll=false]
2019-03-08 05:00:05.005 DEBUG content 6379 _a-0000e21d-e06a-8000-7d53-01ef9001ef90_32216 Processing reference: ContentRole[name=denyAuthors,inherit=false,allowForAll=false]
2019-03-08 05:00:05.005 DEBUG content 6379 _a-0000e21d-e06a-8000-7d53-01ef9001ef90_32216 Processing reference: ContentRole[name=denyAdministrators,inherit=false,allowForAll=false]
2019-03-08 05:00:05.005 DEBUG content 6379 _a-0000e21d-e06a-8000-7d53-01ef9001ef90_32216 Completing produce.
2019-03-08 05:00:05.005 DEBUG content 6379 _a-0000e21d-e06a-8000-7d53-01ef9001ef90_32216 Exporting binary resources.
2019-03-08 05:00:05.005 DEBUG content 6379 _a-0000e21d-e06a-8000-7d53-01ef9001ef90_32216 Serializing object to XML.
2019-03-08 05:00:05.025 DEBUG content 6379 _a-0000e21d-e06a-8000-7d53-01ef9001ef90_32216 Object transported.
2019-03-08 05:00:05.025 DEBUG content 6551 _a-0000e21d-e06a-8000-7d53-01ef9001ef90_32222 Begin transport.
2019-03-08 05:00:05.025 DEBUG content 6551 _a-0000e21d-e06a-8000-7d53-01ef9001ef90_32222 Retrieving object data.
2019-03-08 05:00:05.033 DEBUG content 6551 _a-0000e21d-e06a-8000-7d53-01ef9001ef90_32222 Setting uuids of object references.
2019-03-08 05:00:05.033 DEBUG content 6551 _a-0000e21d-e06a-8000-7d53-01ef9001ef90_32222 Processing reference: [Content:id=6380,versionId=-1,name=TMS_uiSectionStateGrid,type=32,subtype=1,uuid=_a-0000e21d-e06a-8000-7d53-01ef9001ef90_32222,parent=6377]
2019-03-08 05:00:05.041 DEBUG content 6551 _a-0000e21d-e06a-8000-7d53-01ef9001ef90_32222 Processing reference: FreeformRule.forum
2019-03-08 05:00:05.041 DEBUG content 6551 _a-0000e21d-e06a-8000-7d53-01ef9001ef90_32222 Processing reference: FreeformRule.parent
2019-03-08 05:00:05.045 DEBUG content 6551 _a-0000e21d-e06a-8000-7d53-01ef9001ef90_32222 Processing reference: com.appiancorp.suiteapi.content.ContentRoleMap@71642f0e[
  ContentRole[name=readers,inherit=true,allowForAll=false]
  ContentRole[name=authors,inherit=true,allowForAll=false]
  ContentRole[name=administrators,inherit=true,allowForAll=false]
  ContentRole[name=denyReaders,inherit=false,allowForAll=false]
  ContentRole[name=denyAuthors,inherit=false,allowForAll=false]
  ContentRole[name=denyAdministrators,inherit=false,allowForAll=false]
  securityVector=15:SEC_PUBLIC=true,SEC_CREATOR_ADMIN=false,SEC_INH_ADMIN=true,SEC_INH_EDITOR=true,SEC_INH_VIEWER=true,SEC_ALL_ADMIN=false,SEC_ALL_EDITOR=false,SEC_ALL_VIEWER=false
]
2019-03-08 05:00:05.045 DEBUG content 6551 _a-0000e21d-e06a-8000-7d53-01ef9001ef90_32222 Processing reference: ContentRole[name=readers,inherit=true,allowForAll=false]
2019-03-08 05:00:05.045 DEBUG content 6551 _a-0000e21d-e06a-8000-7d53-01ef9001ef90_32222 Processing reference: ContentRole[name=authors,inherit=true,allowForAll=false]
2019-03-08 05:00:05.045 DEBUG content 6551 _a-0000e21d-e06a-8000-7d53-01ef9001ef90_32222 Processing reference: ContentRole[name=administrators,inherit=true,allowForAll=false]
2019-03-08 05:00:05.045 DEBUG content 6551 _a-0000e21d-e06a-8000-7d53-01ef9001ef90_32222 Processing reference: ContentRole[name=denyReaders,inherit=false,allowForAll=false]
2019-03-08 05:00:05.045 DEBUG content 6551 _a-0000e21d-e06a-8000-7d53-01ef9001ef90_32222 Processing reference: ContentRole[name=denyAuthors,inherit=false,allowForAll=false]
2019-03-08 05:00:05.045 DEBUG content 6551 _a-0000e21d-e06a-8000-7d53-01ef9001ef90_32222 Processing reference: ContentRole[name=denyAdministrators,inherit=false,allowForAll=false]
2019-03-08 05:00:05.045 DEBUG content 6551 _a-0000e21d-e06a-8000-7d53-01ef9001ef90_32222 Completing produce.
2019-03-08 05:00:05.045 DEBUG content 6551 _a-0000e21d-e06a-8000-7d53-01ef9001ef90_32222 Exporting binary resources.
2019-03-08 05:00:05.045 DEBUG content 6551 _a-0000e21d-e06a-8000-7d53-01ef9001ef90_32222 Serializing object to XML.
2019-03-08 05:00:05.045 DEBUG content 6551 _a-0000e21d-e06a-8000-7d53-01ef9001ef90_32222 Object transported.
2019-03-08 05:00:05.045 DEBUG content 8202 _a-0000e21d-e06a-8000-7d53-01ef9001ef90_32304 Begin transport.
2019-03-08 05:00:05.045 DEBUG content 8202 _a-0000e21d-e06a-8000-7d53-01ef9001ef90_32304 Retrieving object data.
2019-03-08 05:00:05.052 DEBUG content 8202 _a-0000e21d-e06a-8000-7d53-01ef9001ef90_32304 Setting uuids of object references.
2019-03-08 05:00:05.052 DEBUG content 8202 _a-0000e21d-e06a-8000-7d53-01ef9001ef90_32304 Processing reference: [Content:id=6381,versionId=-1,name=TMS_Test,type=32,subtype=0,uuid=_a-0000e21d-e06a-8000-7d53-01ef9001ef90_32304,parent=6377]
2019-03-08 05:00:05.052 DEBUG content 8202 _a-0000e21d-e06a-8000-7d53-01ef9001ef90_32304 Processing reference: Constant.forum
2019-03-08 05:00:05.052 DEBUG content 8202 _a-0000e21d-e06a-8000-7d53-01ef9001ef90_32304 Processing reference: Constant.parent
2019-03-08 05:00:05.056 DEBUG content 8202 _a-0000e21d-e06a-8000-7d53-01ef9001ef90_32304 Processing reference: com.appiancorp.suiteapi.content.ContentRoleMap@3f767a5b[
  ContentRole[name=readers,inherit=true,allowForAll=false]
  ContentRole[name=authors,inherit=true,allowForAll=false]
  ContentRole[name=administrators,inherit=true,allowForAll=false]
  ContentRole[name=denyReaders,inherit=false,allowForAll=false]
  ContentRole[name=denyAuthors,inherit=false,allowForAll=false]
  ContentRole[name=denyAdministrators,inherit=false,allowForAll=false]
  securityVector=15:SEC_PUBLIC=true,SEC_CREATOR_ADMIN=false,SEC_INH_ADMIN=true,SEC_INH_EDITOR=true,SEC_INH_VIEWER=true,SEC_ALL_ADMIN=false,SEC_ALL_EDITOR=false,SEC_ALL_VIEWER=false
]
2019-03-08 05:00:05.056 DEBUG content 8202 _a-0000e21d-e06a-8000-7d53-01ef9001ef90_32304 Processing reference: ContentRole[name=readers,inherit=true,allowForAll=false]
2019-03-08 05:00:05.056 DEBUG content 8202 _a-0000e21d-e06a-8000-7d53-01ef9001ef90_32304 Processing reference: ContentRole[name=authors,inherit=true,allowForAll=false]
2019-03-08 05:00:05.056 DEBUG content 8202 _a-0000e21d-e06a-8000-7d53-01ef9001ef90_32304 Processing reference: ContentRole[name=administrators,inherit=true,allowForAll=false]
2019-03-08 05:00:05.056 DEBUG content 8202 _a-0000e21d-e06a-8000-7d53-01ef9001ef90_32304 Processing reference: ContentRole[name=denyReaders,inherit=false,allowForAll=false]
2019-03-08 05:00:05.056 DEBUG content 8202 _a-0000e21d-e06a-8000-7d53-01ef9001ef90_32304 Processing reference: ContentRole[name=denyAuthors,inherit=false,allowForAll=false]
2019-03-08 05:00:05.056 DEBUG content 8202 _a-0000e21d-e06a-8000-7d53-01ef9001ef90_32304 Processing reference: ContentRole[name=denyAdministrators,inherit=false,allowForAll=false]
2019-03-08 05:00:05.056 DEBUG content 8202 _a-0000e21d-e06a-8000-7d53-01ef9001ef90_32304 Completing produce.
2019-03-08 05:00:05.056 DEBUG content 8202 _a-0000e21d-e06a-8000-7d53-01ef9001ef90_32304 Exporting binary resources.
2019-03-08 05:00:05.056 DEBUG content 8202 _a-0000e21d-e06a-8000-7d53-01ef9001ef90_32304 Serializing object to XML.
2019-03-08 05:00:05.058 DEBUG content 8202 _a-0000e21d-e06a-8000-7d53-01ef9001ef90_32304 Object transported.
2019-03-08 05:00:05.058 DEBUG content 7330 _a-0000e21d-e06a-8000-7d53-01ef9001ef90_32412 Begin transport.
2019-03-08 05:00:05.058 DEBUG content 7330 _a-0000e21d-e06a-8000-7d53-01ef9001ef90_32412 Retrieving object data.
2019-03-08 05:00:05.068 DEBUG content 7330 _a-0000e21d-e06a-8000-7d53-01ef9001ef90_32412 Setting uuids of object references.
2019-03-08 05:00:05.068 DEBUG content 7330 _a-0000e21d-e06a-8000-7d53-01ef9001ef90_32412 Processing reference: [Content:id=6382,versionId=-1,name=TMS_TestRule,type=32,subtype=1,uuid=_a-0000e21d-e06a-8000-7d53-01ef9001ef90_32412,parent=6377]
2019-03-08 05:00:05.068 DEBUG content 7330 _a-0000e21d-e06a-8000-7d53-01ef9001ef90_32412 Processing reference: FreeformRule.forum
2019-03-08 05:00:05.068 DEBUG content 7330 _a-0000e21d-e06a-8000-7d53-01ef9001ef90_32412 Processing reference: FreeformRule.parent
2019-03-08 05:00:05.072 DEBUG content 7330 _a-0000e21d-e06a-8000-7d53-01ef9001ef90_32412 Processing reference: com.appiancorp.suiteapi.content.ContentRoleMap@2fe3a31b[
  ContentRole[name=readers,inherit=true,allowForAll=false]
  ContentRole[name=authors,inherit=true,allowForAll=false]
  ContentRole[name=administrators,inherit=true,allowForAll=false]
  ContentRole[name=denyReaders,inherit=false,allowForAll=false]
  ContentRole[name=denyAuthors,inherit=false,allowForAll=false]
  ContentRole[name=denyAdministrators,inherit=false,allowForAll=false]
  securityVector=15:SEC_PUBLIC=true,SEC_CREATOR_ADMIN=false,SEC_INH_ADMIN=true,SEC_INH_EDITOR=true,SEC_INH_VIEWER=true,SEC_ALL_ADMIN=false,SEC_ALL_EDITOR=false,SEC_ALL_VIEWER=false
]
2019-03-08 05:00:05.072 DEBUG content 7330 _a-0000e21d-e06a-8000-7d53-01ef9001ef90_32412 Processing reference: ContentRole[name=readers,inherit=true,allowForAll=false]
2019-03-08 05:00:05.072 DEBUG content 7330 _a-0000e21d-e06a-8000-7d53-01ef9001ef90_32412 Processing reference: ContentRole[name=authors,inherit=true,allowForAll=false]
2019-03-08 05:00:05.072 DEBUG content 7330 _a-0000e21d-e06a-8000-7d53-01ef9001ef90_32412 Processing reference: ContentRole[name=administrators,inherit=true,allowForAll=false]
2019-03-08 05:00:05.072 DEBUG content 7330 _a-0000e21d-e06a-8000-7d53-01ef9001ef90_32412 Processing reference: ContentRole[name=denyReaders,inherit=false,allowForAll=false]
2019-03-08 05:00:05.072 DEBUG content 7330 _a-0000e21d-e06a-8000-7d53-01ef9001ef90_32412 Processing reference: ContentRole[name=denyAuthors,inherit=false,allowForAll=false]
2019-03-08 05:00:05.072 DEBUG content 7330 _a-0000e21d-e06a-8000-7d53-01ef9001ef90_32412 Processing reference: ContentRole[name=denyAdministrators,inherit=false,allowForAll=false]
2019-03-08 05:00:05.073 DEBUG content 7330 _a-0000e21d-e06a-8000-7d53-01ef9001ef90_32412 Completing produce.
2019-03-08 05:00:05.073 DEBUG content 7330 _a-0000e21d-e06a-8000-7d53-01ef9001ef90_32412 Exporting binary resources.
2019-03-08 05:00:05.073 DEBUG content 7330 _a-0000e21d-e06a-8000-7d53-01ef9001ef90_32412 Serializing object to XML.
2019-03-08 05:00:05.074 DEBUG content 7330 _a-0000e21d-e06a-8000-7d53-01ef9001ef90_32412 Object transported.
2019-03-08 05:00:05.075 DEBUG content 6383 _a-0000e21d-e06a-8000-7d53-01ef9001ef90_32620 Begin transport.
2019-03-08 05:00:05.075 DEBUG content 6383 _a-0000e21d-e06a-8000-7d53-01ef9001ef90_32620 Retrieving object data.
2019-03-08 05:00:05.083 DEBUG content 6383 _a-0000e21d-e06a-8000-7d53-01ef9001ef90_32620 Setting uuids of object references.
2019-03-08 05:00:05.083 DEBUG content 6383 _a-0000e21d-e06a-8000-7d53-01ef9001ef90_32620 Processing reference: [Content:id=6383,versionId=-1,name=TMS_Test_Two,type=32,subtype=1,uuid=_a-0000e21d-e06a-8000-7d53-01ef9001ef90_32620,parent=6377]
2019-03-08 05:00:05.083 DEBUG content 6383 _a-0000e21d-e06a-8000-7d53-01ef9001ef90_32620 Processing reference: FreeformRule.forum
2019-03-08 05:00:05.083 DEBUG content 6383 _a-0000e21d-e06a-8000-7d53-01ef9001ef90_32620 Processing reference: FreeformRule.parent
2019-03-08 05:00:05.086 DEBUG content 6383 _a-0000e21d-e06a-8000-7d53-01ef9001ef90_32620 Processing reference: com.appiancorp.suiteapi.content.ContentRoleMap@31923f1f[
  ContentRole[name=readers,inherit=true,allowForAll=false]
  ContentRole[name=authors,inherit=true,allowForAll=false]
  ContentRole[name=administrators,inherit=true,allowForAll=false]
  ContentRole[name=denyReaders,inherit=false,allowForAll=false]
  ContentRole[name=denyAuthors,inherit=false,allowForAll=false]
  ContentRole[name=denyAdministrators,inherit=false,allowForAll=false]
  securityVector=15:SEC_PUBLIC=true,SEC_CREATOR_ADMIN=false,SEC_INH_ADMIN=true,SEC_INH_EDITOR=true,SEC_INH_VIEWER=true,SEC_ALL_ADMIN=false,SEC_ALL_EDITOR=false,SEC_ALL_VIEWER=false
]
2019-03-08 05:00:05.086 DEBUG content 6383 _a-0000e21d-e06a-8000-7d53-01ef9001ef90_32620 Processing reference: ContentRole[name=readers,inherit=true,allowForAll=false]
2019-03-08 05:00:05.086 DEBUG content 6383 _a-0000e21d-e06a-8000-7d53-01ef9001ef90_32620 Processing reference: ContentRole[name=authors,inherit=true,allowForAll=false]
2019-03-08 05:00:05.086 DEBUG content 6383 _a-0000e21d-e06a-8000-7d53-01ef9001ef90_32620 Processing reference: ContentRole[name=administrators,inherit=true,allowForAll=false]
2019-03-08 05:00:05.086 DEBUG content 6383 _a-0000e21d-e06a-8000-7d53-01ef9001ef90_32620 Processing reference: ContentRole[name=denyReaders,inherit=false,allowForAll=false]
2019-03-08 05:00:05.086 DEBUG content 6383 _a-0000e21d-e06a-8000-7d53-01ef9001ef90_32620 Processing reference: ContentRole[name=denyAuthors,inherit=false,allowForAll=false]
2019-03-08 05:00:05.086 DEBUG content 6383 _a-0000e21d-e06a-8000-7d53-01ef9001ef90_32620 Processing reference: ContentRole[name=denyAdministrators,inherit=false,allowForAll=false]
2019-03-08 05:00:05.086 DEBUG content 6383 _a-0000e21d-e06a-8000-7d53-01ef9001ef90_32620 Completing produce.
2019-03-08 05:00:05.086 DEBUG content 6383 _a-0000e21d-e06a-8000-7d53-01ef9001ef90_32620 Exporting binary resources.
2019-03-08 05:00:05.086 DEBUG content 6383 _a-0000e21d-e06a-8000-7d53-01ef9001ef90_32620 Serializing object to XML.
2019-03-08 05:00:05.087 DEBUG content 6383 _a-0000e21d-e06a-8000-7d53-01ef9001ef90_32620 Object transported.
2019-03-08 05:00:05.087 DEBUG content 7338 _a-0000e21d-e06a-8000-7d53-01ef9001ef90_43993 Begin transport.
2019-03-08 05:00:05.087 DEBUG content 7338 _a-0000e21d-e06a-8000-7d53-01ef9001ef90_43993 Retrieving object data.
2019-03-08 05:00:05.097 DEBUG content 7338 _a-0000e21d-e06a-8000-7d53-01ef9001ef90_43993 Setting uuids of object references.
2019-03-08 05:00:05.097 DEBUG content 7338 _a-0000e21d-e06a-8000-7d53-01ef9001ef90_43993 Processing reference: [Content:id=7331,versionId=-1,name=TMS_getTravelInfo,type=32,subtype=1,uuid=_a-0000e21d-e06a-8000-7d53-01ef9001ef90_43993,parent=6377]
2019-03-08 05:00:05.097 DEBUG content 7338 _a-0000e21d-e06a-8000-7d53-01ef9001ef90_43993 Processing reference: FreeformRule.forum
2019-03-08 05:00:05.098 DEBUG content 7338 _a-0000e21d-e06a-8000-7d53-01ef9001ef90_43993 Processing reference: TypedVariable[name=travelName,it=3,v=]
2019-03-08 05:00:05.098 DEBUG content 7338 _a-0000e21d-e06a-8000-7d53-01ef9001ef90_43993 Processing reference: FreeformRule.parent
2019-03-08 05:00:05.101 DEBUG content 7338 _a-0000e21d-e06a-8000-7d53-01ef9001ef90_43993 Processing reference: com.appiancorp.suiteapi.content.ContentRoleMap@e9ac4dd[
  ContentRole[name=readers,inherit=true,allowForAll=false]
  ContentRole[name=authors,inherit=true,allowForAll=false]
  ContentRole[name=administrators,inherit=true,allowForAll=false]
  ContentRole[name=denyReaders,inherit=false,allowForAll=false]
  ContentRole[name=denyAuthors,inherit=false,allowForAll=false]
  ContentRole[name=denyAdministrators,inherit=false,allowForAll=false]
  securityVector=15:SEC_PUBLIC=true,SEC_CREATOR_ADMIN=false,SEC_INH_ADMIN=true,SEC_INH_EDITOR=true,SEC_INH_VIEWER=true,SEC_ALL_ADMIN=false,SEC_ALL_EDITOR=false,SEC_ALL_VIEWER=false
]
2019-03-08 05:00:05.101 DEBUG content 7338 _a-0000e21d-e06a-8000-7d53-01ef9001ef90_43993 Processing reference: ContentRole[name=readers,inherit=true,allowForAll=false]
2019-03-08 05:00:05.101 DEBUG content 7338 _a-0000e21d-e06a-8000-7d53-01ef9001ef90_43993 Processing reference: ContentRole[name=authors,inherit=true,allowForAll=false]
2019-03-08 05:00:05.101 DEBUG content 7338 _a-0000e21d-e06a-8000-7d53-01ef9001ef90_43993 Processing reference: ContentRole[name=administrators,inherit=true,allowForAll=false]
2019-03-08 05:00:05.101 DEBUG content 7338 _a-0000e21d-e06a-8000-7d53-01ef9001ef90_43993 Processing reference: ContentRole[name=denyReaders,inherit=false,allowForAll=false]
2019-03-08 05:00:05.101 DEBUG content 7338 _a-0000e21d-e06a-8000-7d53-01ef9001ef90_43993 Processing reference: ContentRole[name=denyAuthors,inherit=false,allowForAll=false]
2019-03-08 05:00:05.101 DEBUG content 7338 _a-0000e21d-e06a-8000-7d53-01ef9001ef90_43993 Processing reference: ContentRole[name=denyAdministrators,inherit=false,allowForAll=false]
2019-03-08 05:00:05.101 DEBUG content 7338 _a-0000e21d-e06a-8000-7d53-01ef9001ef90_43993 Completing produce.
2019-03-08 05:00:05.101 DEBUG content 7338 _a-0000e21d-e06a-8000-7d53-01ef9001ef90_43993 Exporting binary resources.
2019-03-08 05:00:05.101 DEBUG content 7338 _a-0000e21d-e06a-8000-7d53-01ef9001ef90_43993 Serializing object to XML.
2019-03-08 05:00:05.104 DEBUG content 7338 _a-0000e21d-e06a-8000-7d53-01ef9001ef90_43993 Object transported.
2019-03-08 05:00:05.104 DEBUG content 8471 _a-0000e21d-e06a-8000-7d53-01ef9001ef90_55454 Begin transport.
2019-03-08 05:00:05.104 DEBUG content 8471 _a-0000e21d-e06a-8000-7d53-01ef9001ef90_55454 Retrieving object data.
2019-03-08 05:00:05.113 DEBUG content 8471 _a-0000e21d-e06a-8000-7d53-01ef9001ef90_55454 Setting uuids of object references.
2019-03-08 05:00:05.113 DEBUG content 8471 _a-0000e21d-e06a-8000-7d53-01ef9001ef90_55454 Processing reference: [Content:id=8471,versionId=-1,name=TMS_newConstant,type=32,subtype=0,uuid=_a-0000e21d-e06a-8000-7d53-01ef9001ef90_55454,parent=6377]
2019-03-08 05:00:05.113 DEBUG content 8471 _a-0000e21d-e06a-8000-7d53-01ef9001ef90_55454 Processing reference: Constant.forum
2019-03-08 05:00:05.113 DEBUG content 8471 _a-0000e21d-e06a-8000-7d53-01ef9001ef90_55454 Processing reference: Constant.parent
2019-03-08 05:00:05.118 DEBUG content 8471 _a-0000e21d-e06a-8000-7d53-01ef9001ef90_55454 Processing reference: com.appiancorp.suiteapi.content.ContentRoleMap@161f4fe9[
  ContentRole[name=readers,inherit=true,allowForAll=false]
  ContentRole[name=authors,inherit=true,allowForAll=false]
  ContentRole[name=administrators,inherit=true,allowForAll=false]
  ContentRole[name=denyReaders,inherit=false,allowForAll=false]
  ContentRole[name=denyAuthors,inherit=false,allowForAll=false]
  ContentRole[name=denyAdministrators,inherit=false,allowForAll=false]
  securityVector=15:SEC_PUBLIC=true,SEC_CREATOR_ADMIN=false,SEC_INH_ADMIN=true,SEC_INH_EDITOR=true,SEC_INH_VIEWER=true,SEC_ALL_ADMIN=false,SEC_ALL_EDITOR=false,SEC_ALL_VIEWER=false
]
2019-03-08 05:00:05.118 DEBUG content 8471 _a-0000e21d-e06a-8000-7d53-01ef9001ef90_55454 Processing reference: ContentRole[name=readers,inherit=true,allowForAll=false]
2019-03-08 05:00:05.118 DEBUG content 8471 _a-0000e21d-e06a-8000-7d53-01ef9001ef90_55454 Processing reference: ContentRole[name=authors,inherit=true,allowForAll=false]
2019-03-08 05:00:05.118 DEBUG content 8471 _a-0000e21d-e06a-8000-7d53-01ef9001ef90_55454 Processing reference: ContentRole[name=administrators,inherit=true,allowForAll=false]
2019-03-08 05:00:05.118 DEBUG content 8471 _a-0000e21d-e06a-8000-7d53-01ef9001ef90_55454 Processing reference: ContentRole[name=denyReaders,inherit=false,allowForAll=false]
2019-03-08 05:00:05.118 DEBUG content 8471 _a-0000e21d-e06a-8000-7d53-01ef9001ef90_55454 Processing reference: ContentRole[name=denyAuthors,inherit=false,allowForAll=false]
2019-03-08 05:00:05.118 DEBUG content 8471 _a-0000e21d-e06a-8000-7d53-01ef9001ef90_55454 Processing reference: ContentRole[name=denyAdministrators,inherit=false,allowForAll=false]
2019-03-08 05:00:05.118 DEBUG content 8471 _a-0000e21d-e06a-8000-7d53-01ef9001ef90_55454 Completing produce.
2019-03-08 05:00:05.118 DEBUG content 8471 _a-0000e21d-e06a-8000-7d53-01ef9001ef90_55454 Exporting binary resources.
2019-03-08 05:00:05.118 DEBUG content 8471 _a-0000e21d-e06a-8000-7d53-01ef9001ef90_55454 Serializing object to XML.
2019-03-08 05:00:05.12 DEBUG content 8471 _a-0000e21d-e06a-8000-7d53-01ef9001ef90_55454 Object transported.
2019-03-08 05:00:05.122 DEBUG processModelFolder 13 _g-0000e21d-e06a-8000-7d4f-014d98014d98_16 Begin transport.
2019-03-08 05:00:05.122 DEBUG processModelFolder 13 _g-0000e21d-e06a-8000-7d4f-014d98014d98_16 Retrieving object data.
2019-03-08 05:00:05.126 DEBUG processModelFolder 13 _g-0000e21d-e06a-8000-7d4f-014d98014d98_16 Setting uuids of object references.
2019-03-08 05:00:05.126 DEBUG processModelFolder 13 _g-0000e21d-e06a-8000-7d4f-014d98014d98_16 Processing reference: ProcessModelFolder.parentFolderId
2019-03-08 05:00:05.126 DEBUG processModelFolder 13 _g-0000e21d-e06a-8000-7d4f-014d98014d98_16 Processing reference: com.appiancorp.suiteapi.process.ProcessRoleMap@69124924[
  Role[name=ADMIN_OWNER]
  Role[name=EDITOR]
  Role[name=EXPLICIT_NONMEMBER]
  Role[name=VIEWER]
  Role[name=MANAGER]
  Role[name=INITIATOR]
]
2019-03-08 05:00:05.126 DEBUG processModelFolder 13 _g-0000e21d-e06a-8000-7d4f-014d98014d98_16 Processing reference: Role[name=ADMIN_OWNER]
2019-03-08 05:00:05.126 DEBUG processModelFolder 13 _g-0000e21d-e06a-8000-7d4f-014d98014d98_16 Processing reference: Role[name=EDITOR]
2019-03-08 05:00:05.126 DEBUG processModelFolder 13 _g-0000e21d-e06a-8000-7d4f-014d98014d98_16 Processing reference: Role[name=EXPLICIT_NONMEMBER]
2019-03-08 05:00:05.126 DEBUG processModelFolder 13 _g-0000e21d-e06a-8000-7d4f-014d98014d98_16 Processing reference: Role[name=VIEWER]
2019-03-08 05:00:05.126 DEBUG processModelFolder 13 _g-0000e21d-e06a-8000-7d4f-014d98014d98_16 Processing reference: Role[name=MANAGER]
2019-03-08 05:00:05.126 DEBUG processModelFolder 13 _g-0000e21d-e06a-8000-7d4f-014d98014d98_16 Processing reference: Role[name=INITIATOR]
2019-03-08 05:00:05.126 DEBUG processModelFolder 13 _g-0000e21d-e06a-8000-7d4f-014d98014d98_16 Completing produce.
2019-03-08 05:00:05.126 DEBUG processModelFolder 13 _g-0000e21d-e06a-8000-7d4f-014d98014d98_16 Exporting binary resources.
2019-03-08 05:00:05.126 DEBUG processModelFolder 13 _g-0000e21d-e06a-8000-7d4f-014d98014d98_16 Serializing object to XML.
2019-03-08 05:00:05.126 DEBUG processModelFolder 13 _g-0000e21d-e06a-8000-7d4f-014d98014d98_16 Object transported.
2019-03-08 05:00:05.128 DEBUG processModel 463 0002e22b-0439-8000-7d4f-014d98014d98 Begin transport.
2019-03-08 05:00:05.128 DEBUG processModel 463 0002e22b-0439-8000-7d4f-014d98014d98 Retrieving object data.
2019-03-08 05:00:05.186 DEBUG processModel 463 0002e22b-0439-8000-7d4f-014d98014d98 Setting uuids of object references.
2019-03-08 05:00:05.186 DEBUG processModel 463 0002e22b-0439-8000-7d4f-014d98014d98 Processing reference: ProcessModelHaul.folderId
2019-03-08 05:00:05.187 DEBUG processModel 463 0002e22b-0439-8000-7d4f-014d98014d98 Processing reference: ProcessModelHaul.modelDashboardPageId
2019-03-08 05:00:05.187 DEBUG processModel 463 0002e22b-0439-8000-7d4f-014d98014d98 Processing reference: ProcessModelHaul.processDashboardPageId
2019-03-08 05:00:05.187 DEBUG processModel 463 0002e22b-0439-8000-7d4f-014d98014d98 Processing reference: ProcessModel.emailAttachmentFolderId
2019-03-08 05:00:05.188 DEBUG processModel 463 0002e22b-0439-8000-7d4f-014d98014d98 Processing reference: ActivityClassParameter[name=pmID,it=23,v=<null>]
2019-03-08 05:00:05.188 DEBUG processModel 463 0002e22b-0439-8000-7d4f-014d98014d98 Processing reference: ActivityClassParameter[name=inMap,it=111,v={}]
2019-03-08 05:00:05.188 DEBUG processModel 463 0002e22b-0439-8000-7d4f-014d98014d98 Processing reference: ActivityClassParameter[name=procInheritsPriority,it=1,v=1]
2019-03-08 05:00:05.188 DEBUG processModel 463 0002e22b-0439-8000-7d4f-014d98014d98 Processing reference: ActivityClassParameter[name=pmUUID,it=3,v=]
2019-03-08 05:00:05.188 DEBUG processModel 463 0002e22b-0439-8000-7d4f-014d98014d98 Processing reference: ActivityClassParameter[name=isAsynchronous,it=26,v=1]
2019-03-08 05:00:05.188 DEBUG processModel 463 0002e22b-0439-8000-7d4f-014d98014d98 Processing reference: ActivityClassParameter[name=isTransparent,it=26,v=1]
2019-03-08 05:00:05.188 DEBUG processModel 463 0002e22b-0439-8000-7d4f-014d98014d98 Processing reference: ActivityClassParameter[name=inheritSecurity,it=26,v=0]
2019-03-08 05:00:05.188 DEBUG processModel 463 0002e22b-0439-8000-7d4f-014d98014d98 Processing reference: com.appiancorp.suiteapi.process.ProcessRoleMap@485d2e4d[
  Role[name=ADMIN_OWNER]
  Role[name=EDITOR]
  Role[name=EXPLICIT_NONMEMBER]
  Role[name=VIEWER]
  Role[name=MANAGER]
  Role[name=INITIATOR]
]
2019-03-08 05:00:05.188 DEBUG processModel 463 0002e22b-0439-8000-7d4f-014d98014d98 Processing reference: Role[name=ADMIN_OWNER]
2019-03-08 05:00:05.188 DEBUG processModel 463 0002e22b-0439-8000-7d4f-014d98014d98 Processing reference: Role[name=EDITOR]
2019-03-08 05:00:05.188 DEBUG processModel 463 0002e22b-0439-8000-7d4f-014d98014d98 Processing reference: Role[name=EXPLICIT_NONMEMBER]
2019-03-08 05:00:05.188 DEBUG processModel 463 0002e22b-0439-8000-7d4f-014d98014d98 Processing reference: Role[name=VIEWER]
2019-03-08 05:00:05.188 DEBUG processModel 463 0002e22b-0439-8000-7d4f-014d98014d98 Processing reference: Role[name=MANAGER]
2019-03-08 05:00:05.188 DEBUG processModel 463 0002e22b-0439-8000-7d4f-014d98014d98 Processing reference: Role[name=INITIATOR]
2019-03-08 05:00:05.192 DEBUG processModel 463 0002e22b-0439-8000-7d4f-014d98014d98 Completing produce.
2019-03-08 05:00:05.192 DEBUG processModel 463 0002e22b-0439-8000-7d4f-014d98014d98 Exporting binary resources.
2019-03-08 05:00:05.192 DEBUG processModel 463 0002e22b-0439-8000-7d4f-014d98014d98 Serializing object to XML.
2019-03-08 05:00:05.195 DEBUG processModel 463 0002e22b-0439-8000-7d4f-014d98014d98 Object transported.
2019-03-08 05:00:05.195 DEBUG processModel 583 0002e235-dc96-8000-7d4f-014d98014d98 Begin transport.
2019-03-08 05:00:05.195 DEBUG processModel 583 0002e235-dc96-8000-7d4f-014d98014d98 Retrieving object data.
2019-03-08 05:00:05.256 DEBUG processModel 583 0002e235-dc96-8000-7d4f-014d98014d98 Setting uuids of object references.
2019-03-08 05:00:05.256 DEBUG processModel 583 0002e235-dc96-8000-7d4f-014d98014d98 Processing reference: ProcessModelHaul.folderId
2019-03-08 05:00:05.258 DEBUG processModel 583 0002e235-dc96-8000-7d4f-014d98014d98 Processing reference: ProcessModelHaul.modelDashboardPageId
2019-03-08 05:00:05.258 DEBUG processModel 583 0002e235-dc96-8000-7d4f-014d98014d98 Processing reference: ProcessModelHaul.processDashboardPageId
2019-03-08 05:00:05.258 DEBUG processModel 583 0002e235-dc96-8000-7d4f-014d98014d98 Processing reference: ProcessModel.emailAttachmentFolderId
2019-03-08 05:00:05.258 DEBUG processModel 583 0002e235-dc96-8000-7d4f-014d98014d98 Processing reference: InternalForm.docId
2019-03-08 05:00:05.258 DEBUG processModel 583 0002e235-dc96-8000-7d4f-014d98014d98 Processing reference: ActivityClassParameter[name=pmID,it=23,v=<null>]
2019-03-08 05:00:05.259 DEBUG processModel 583 0002e235-dc96-8000-7d4f-014d98014d98 Processing reference: ActivityClassParameter[name=inMap,it=111,v={}]
2019-03-08 05:00:05.259 DEBUG processModel 583 0002e235-dc96-8000-7d4f-014d98014d98 Processing reference: ActivityClassParameter[name=procInheritsPriority,it=1,v=1]
2019-03-08 05:00:05.259 DEBUG processModel 583 0002e235-dc96-8000-7d4f-014d98014d98 Processing reference: ActivityClassParameter[name=pmUUID,it=3,v=]
2019-03-08 05:00:05.259 DEBUG processModel 583 0002e235-dc96-8000-7d4f-014d98014d98 Processing reference: ActivityClassParameter[name=isAsynchronous,it=26,v=1]
2019-03-08 05:00:05.259 DEBUG processModel 583 0002e235-dc96-8000-7d4f-014d98014d98 Processing reference: ActivityClassParameter[name=isTransparent,it=26,v=1]
2019-03-08 05:00:05.259 DEBUG processModel 583 0002e235-dc96-8000-7d4f-014d98014d98 Processing reference: ActivityClassParameter[name=inheritSecurity,it=26,v=0]
2019-03-08 05:00:05.259 DEBUG processModel 583 0002e235-dc96-8000-7d4f-014d98014d98 Processing reference: ProcessVariable[name=docId,it=13,v=<null>]
2019-03-08 05:00:05.259 DEBUG processModel 583 0002e235-dc96-8000-7d4f-014d98014d98 Processing reference: com.appiancorp.suiteapi.process.ProcessRoleMap@76b23eb0[
  Role[name=ADMIN_OWNER]
  Role[name=EDITOR]
  Role[name=EXPLICIT_NONMEMBER]
  Role[name=VIEWER]
  Role[name=MANAGER]
  Role[name=INITIATOR]
]
2019-03-08 05:00:05.259 DEBUG processModel 583 0002e235-dc96-8000-7d4f-014d98014d98 Processing reference: Role[name=ADMIN_OWNER]
2019-03-08 05:00:05.259 DEBUG processModel 583 0002e235-dc96-8000-7d4f-014d98014d98 Processing reference: Role[name=EDITOR]
2019-03-08 05:00:05.259 DEBUG processModel 583 0002e235-dc96-8000-7d4f-014d98014d98 Processing reference: Role[name=EXPLICIT_NONMEMBER]
2019-03-08 05:00:05.259 DEBUG processModel 583 0002e235-dc96-8000-7d4f-014d98014d98 Processing reference: Role[name=VIEWER]
2019-03-08 05:00:05.259 DEBUG processModel 583 0002e235-dc96-8000-7d4f-014d98014d98 Processing reference: Role[name=MANAGER]
2019-03-08 05:00:05.259 DEBUG processModel 583 0002e235-dc96-8000-7d4f-014d98014d98 Processing reference: Role[name=INITIATOR]
2019-03-08 05:00:05.259 DEBUG processModel 583 0002e235-dc96-8000-7d4f-014d98014d98 Completing produce.
2019-03-08 05:00:05.259 DEBUG processModel 583 0002e235-dc96-8000-7d4f-014d98014d98 Exporting binary resources.
2019-03-08 05:00:05.259 DEBUG processModel 583 0002e235-dc96-8000-7d4f-014d98014d98 Serializing object to XML.
2019-03-08 05:00:05.262 DEBUG processModel 583 0002e235-dc96-8000-7d4f-014d98014d98 Object transported.
2019-03-08 05:00:05.264 DEBUG site 10 3e063723-fc4a-47c0-ac90-75933c7e43ec Begin transport.
2019-03-08 05:00:05.264 DEBUG site 10 3e063723-fc4a-47c0-ac90-75933c7e43ec Retrieving object data.
2019-03-08 05:00:05.268 DEBUG site 10 3e063723-fc4a-47c0-ac90-75933c7e43ec Setting uuids of object references.
2019-03-08 05:00:05.268 DEBUG site 10 3e063723-fc4a-47c0-ac90-75933c7e43ec Processing reference: SiteTemplate.accentColorExpr
2019-03-08 05:00:05.268 DEBUG site 10 3e063723-fc4a-47c0-ac90-75933c7e43ec Processing reference: SiteTemplate.faviconExpr
2019-03-08 05:00:05.268 DEBUG site 10 3e063723-fc4a-47c0-ac90-75933c7e43ec Processing reference: SiteTemplate.faviconRef
2019-03-08 05:00:05.268 DEBUG site 10 3e063723-fc4a-47c0-ac90-75933c7e43ec Processing reference: SiteTemplate.headerBackgroundColorExpr
2019-03-08 05:00:05.268 DEBUG site 10 3e063723-fc4a-47c0-ac90-75933c7e43ec Processing reference: SiteTemplate.logoExpr
2019-03-08 05:00:05.268 DEBUG site 10 3e063723-fc4a-47c0-ac90-75933c7e43ec Processing reference: SiteTemplate.logoRef
2019-03-08 05:00:05.268 DEBUG site 10 3e063723-fc4a-47c0-ac90-75933c7e43ec Processing reference: SitePage.uiObject
2019-03-08 05:00:05.271 DEBUG site 10 3e063723-fc4a-47c0-ac90-75933c7e43ec Processing reference: SitePage.visibilityExpr
2019-03-08 05:00:05.271 DEBUG site 10 3e063723-fc4a-47c0-ac90-75933c7e43ec Processing reference: SiteTemplate.selectedTabBackgroundColorExpr
2019-03-08 05:00:05.271 DEBUG site 10 3e063723-fc4a-47c0-ac90-75933c7e43ec Processing reference: SiteTemplate.tempoLinkViewerRefsFromUuids
2019-03-08 05:00:05.271 DEBUG site 10 3e063723-fc4a-47c0-ac90-75933c7e43ec Completing produce.
2019-03-08 05:00:05.271 DEBUG site 10 3e063723-fc4a-47c0-ac90-75933c7e43ec Exporting binary resources.
2019-03-08 05:00:05.271 DEBUG site 10 3e063723-fc4a-47c0-ac90-75933c7e43ec Serializing object to XML.
2019-03-08 05:00:05.274 DEBUG site 10 3e063723-fc4a-47c0-ac90-75933c7e43ec Object transported.
2019-03-08 05:00:05.274 DEBUG application 6384 _a-0000e21d-e06a-8000-7d53-01ef9001ef90_32066 Completing produce.
2019-03-08 05:00:05.274 DEBUG application 6384 _a-0000e21d-e06a-8000-7d53-01ef9001ef90_32066 Exporting binary resources.
2019-03-08 05:00:05.274 DEBUG application 6384 _a-0000e21d-e06a-8000-7d53-01ef9001ef90_32066 Serializing object to XML.
2019-03-08 05:00:05.274 DEBUG application 6384 _a-0000e21d-e06a-8000-7d53-01ef9001ef90_32066 Object transported.
